This is pdfTeX, Version 3.1415926-2.5-1.40.14 (TeX Live 2013/Debian) (format=pdflatex 2016.3.5)  27 APR 2016 21:20
entering extended mode
 restricted \write18 enabled.
 %&-line parsing enabled.
**portada.tex
(./portada.tex
LaTeX2e <2011/06/27>
Babel <3.9h> and hyphenation patterns for 78 languages loaded.

! LaTeX Error: Environment figure undefined.

See the LaTeX manual or LaTeX Companion for explanation.
Type  H <return>  for immediate help.
 ...                                              
                                                  
l.3 \begin{figure}
                  [htb]
Your command was ignored.
Type  I <command> <return>  to replace it with another command,
or  <return>  to continue without it.


! LaTeX Error: Missing \begin{document}.

See the LaTeX manual or LaTeX Companion for explanation.
Type  H <return>  for immediate help.
 ...                                              
                                                  
l.3 \begin{figure}[
                   htb]
You're in trouble here.  Try typing  <return>  to proceed.
If that doesn't work, type  X <return>  to quit.

Missing character: There is no [ in font nullfont!
Missing character: There is no h in font nullfont!
Missing character: There is no t in font nullfont!
Missing character: There is no b in font nullfont!
Missing character: There is no ] in font nullfont!

Overfull \hbox (20.0pt too wide) in paragraph at lines 3--4
[] 
 []

! Undefined control sequence.
l.5 \includegraphics
                    [width=4cm]{./Fotos/logoURJC}
The control sequence at the end of the top line
of your error message was never \def'ed. If you have
misspelled it (e.g., `\hobx'), type `I' and the correct
spelling (e.g., `I\hbox'). Otherwise just continue,
and I'll forget about whatever was undefined.

Missing character: There is no [ in font nullfont!
Missing character: There is no w in font nullfont!
Missing character: There is no i in font nullfont!
Missing character: There is no d in font nullfont!
Missing character: There is no t in font nullfont!
Missing character: There is no h in font nullfont!
Missing character: There is no = in font nullfont!
Missing character: There is no 4 in font nullfont!
Missing character: There is no c in font nullfont!
Missing character: There is no m in font nullfont!
Missing character: There is no ] in font nullfont!
Missing character: There is no . in font nullfont!
Missing character: There is no / in font nullfont!
Missing character: There is no F in font nullfont!
Missing character: There is no o in font nullfont!
Missing character: There is no t in font nullfont!
Missing character: There is no o in font nullfont!
Missing character: There is no s in font nullfont!
Missing character: There is no / in font nullfont!
Missing character: There is no l in font nullfont!
Missing character: There is no o in font nullfont!
Missing character: There is no g in font nullfont!
Missing character: There is no o in font nullfont!
Missing character: There is no U in font nullfont!
Missing character: There is no R in font nullfont!
Missing character: There is no J in font nullfont!
Missing character: There is no C in font nullfont!

! LaTeX Error: \begin{document} ended by \end{figure}.

See the LaTeX manual or LaTeX Companion for explanation.
Type  H <return>  for immediate help.
 ...                                              
                                                  
l.7 \end{figure}
                
Your command was ignored.
Type  I <command> <return>  to replace it with another command,
or  <return>  to continue without it.

! Undefined control sequence.
<argument> {\Huge 
                  Universidad Rey Juan Carlos}\\[0.5cm] {\LARGE Escuela T√©c...
l.10 ...©cnica Superior Ingenier√≠a Inform√°tica}}
                                                  \\[1.25cm]
The control sequence at the end of the top line
of your error message was never \def'ed. If you have
misspelled it (e.g., `\hobx'), type `I' and the correct
spelling (e.g., `I\hbox'). Otherwise just continue,
and I'll forget about whatever was undefined.


Overfull \hbox (60.28577pt too wide) in paragraph at lines 10--10
 \OT1/cmr/bx/n/10 Universidad 
 []


Overfull \hbox (19.96518pt too wide) in paragraph at lines 10--10
 \OT1/cmr/bx/n/10 Rey 
 []


Overfull \hbox (24.31235pt too wide) in paragraph at lines 10--10
 \OT1/cmr/bx/n/10 Juan 
 []


Overfull \hbox (22.46515pt too wide) in paragraph at lines 10--10
 \OT1/cmr/bx/n/10 Car- 
 []


Overfull \hbox (13.48047pt too wide) in paragraph at lines 10--10
 \OT1/cmr/bx/n/10 los 
 []

! Undefined control sequence.
<argument> ...d Rey Juan Carlos}\\[0.5cm] {\LARGE 
                                                  Escuela T√©cnica Superior ...
l.10 ...©cnica Superior Ingenier√≠a Inform√°tica}}
                                                  \\[1.25cm]
The control sequence at the end of the top line
of your error message was never \def'ed. If you have
misspelled it (e.g., `\hobx'), type `I' and the correct
spelling (e.g., `I\hbox'). Otherwise just continue,
and I'll forget about whatever was undefined.

Missing character: There is no √ in font cmbx10!
Missing character: There is no © in font cmbx10!
Missing character: There is no √ in font cmbx10!
Missing character: There is no ≠ in font cmbx10!
Missing character: There is no √ in font cmbx10!
Missing character: There is no ° in font cmbx10!

Overfull \hbox (37.64699pt too wide) in paragraph at lines 10--10
 []\OT1/cmr/bx/n/10 Escuela 
 []


Overfull \hbox (16.94435pt too wide) in paragraph at lines 10--10
 \OT1/cmr/bx/n/10 Tc- 
 []


Overfull \hbox (20.28459pt too wide) in paragraph at lines 10--10
 \OT1/cmr/bx/n/10 nica 
 []


Overfull \hbox (16.61102pt too wide) in paragraph at lines 10--10
 \OT1/cmr/bx/n/10 Su- 
 []


Overfull \hbox (15.81242pt too wide) in paragraph at lines 10--10
 \OT1/cmr/bx/n/10 pe- 
 []


Overfull \hbox (18.4166pt too wide) in paragraph at lines 10--10
 \OT1/cmr/bx/n/10 rior 
 []


Overfull \hbox (14.58325pt too wide) in paragraph at lines 10--10
 \OT1/cmr/bx/n/10 In- 
 []


Overfull \hbox (14.8541pt too wide) in paragraph at lines 10--10
 \OT1/cmr/bx/n/10 ge- 
 []


Overfull \hbox (25.18042pt too wide) in paragraph at lines 10--10
 \OT1/cmr/bx/n/10 niera 
 []


Overfull \hbox (14.58325pt too wide) in paragraph at lines 10--10
 \OT1/cmr/bx/n/10 In- 
 []


Overfull \hbox (41.63171pt too wide) in paragraph at lines 10--10
 \OT1/cmr/bx/n/10 formtica 
 []

! Undefined control sequence.
l.12 {\LARGE
             \textbf{Multimedia - Pr√°ctica final}}\\[3cm]
The control sequence at the end of the top line
of your error message was never \def'ed. If you have
misspelled it (e.g., `\hobx'), type `I' and the correct
spelling (e.g., `I\hbox'). Otherwise just continue,
and I'll forget about whatever was undefined.

Missing character: There is no √ in font cmbx10!
Missing character: There is no ° in font cmbx10!

Overfull \hbox (58.19412pt too wide) in paragraph at lines 12--12
 []\OT1/cmr/bx/n/10 Multimedia 
 []


Overfull \hbox (3.83331pt too wide) in paragraph at lines 12--12
 \OT1/cmr/bx/n/10 - 
 []


Overfull \hbox (21.54156pt too wide) in paragraph at lines 12--12
 \OT1/cmr/bx/n/10 Prc- 
 []


Overfull \hbox (18.36794pt too wide) in paragraph at lines 12--12
 \OT1/cmr/bx/n/10 tica 
 []


Overfull \hbox (10.22217pt too wide) in paragraph at lines 12--12
 \OT1/cmr/bx/n/10 fi- 
 []


Overfull \hbox (15.17351pt too wide) in paragraph at lines 12--12
 \OT1/cmr/bx/n/10 nal 
 []

! Undefined control sequence.
l.13 {\large
             GIS+GII - Carlos Ruiz Ballesteros}\\[1cm]
The control sequence at the end of the top line
of your error message was never \def'ed. If you have
misspelled it (e.g., `\hobx'), type `I' and the correct
spelling (e.g., `I\hbox'). Otherwise just continue,
and I'll forget about whatever was undefined.

Missing character: There is no G in font nullfont!
Missing character: There is no I in font nullfont!
Missing character: There is no S in font nullfont!
Missing character: There is no + in font nullfont!
Missing character: There is no G in font nullfont!
Missing character: There is no I in font nullfont!
Missing character: There is no I in font nullfont!
Missing character: There is no - in font nullfont!
Missing character: There is no C in font nullfont!
Missing character: There is no a in font nullfont!
Missing character: There is no r in font nullfont!
Missing character: There is no l in font nullfont!
Missing character: There is no o in font nullfont!
Missing character: There is no s in font nullfont!
Missing character: There is no R in font nullfont!
Missing character: There is no u in font nullfont!
Missing character: There is no i in font nullfont!
Missing character: There is no z in font nullfont!
Missing character: There is no B in font nullfont!
Missing character: There is no a in font nullfont!
Missing character: There is no l in font nullfont!
Missing character: There is no l in font nullfont!
Missing character: There is no e in font nullfont!
Missing character: There is no s in font nullfont!
Missing character: There is no t in font nullfont!
Missing character: There is no e in font nullfont!
Missing character: There is no r in font nullfont!
Missing character: There is no o in font nullfont!
Missing character: There is no s in font nullfont!
! Undefined control sequence.
l.14 {\large
             GIS - Carlos V√°zquez S√°nchez}\\[1cm]
The control sequence at the end of the top line
of your error message was never \def'ed. If you have
misspelled it (e.g., `\hobx'), type `I' and the correct
spelling (e.g., `I\hbox'). Otherwise just continue,
and I'll forget about whatever was undefined.

Missing character: There is no G in font nullfont!
Missing character: There is no I in font nullfont!
Missing character: There is no S in font nullfont!
Missing character: There is no - in font nullfont!
Missing character: There is no C in font nullfont!
Missing character: There is no a in font nullfont!
Missing character: There is no r in font nullfont!
Missing character: There is no l in font nullfont!
Missing character: There is no o in font nullfont!
Missing character: There is no s in font nullfont!
Missing character: There is no V in font nullfont!
Missing character: There is no √ in font nullfont!
Missing character: There is no ° in font nullfont!
Missing character: There is no z in font nullfont!
Missing character: There is no q in font nullfont!
Missing character: There is no u in font nullfont!
Missing character: There is no e in font nullfont!
Missing character: There is no z in font nullfont!
Missing character: There is no S in font nullfont!
Missing character: There is no √ in font nullfont!
Missing character: There is no ° in font nullfont!
Missing character: There is no n in font nullfont!
Missing character: There is no c in font nullfont!
Missing character: There is no h in font nullfont!
Missing character: There is no e in font nullfont!
Missing character: There is no z in font nullfont!
Missing character: There is no M in font nullfont!
Missing character: There is no √ in font nullfont!
Missing character: There is no ≥ in font nullfont!
Missing character: There is no s in font nullfont!
Missing character: There is no t in font nullfont!
Missing character: There is no o in font nullfont!
Missing character: There is no l in font nullfont!
Missing character: There is no e in font nullfont!
Missing character: There is no s in font nullfont!
Missing character: There is no - in font nullfont!
! Undefined control sequence.
l.16 M√≥stoles - \today
                       
The control sequence at the end of the top line
of your error message was never \def'ed. If you have
misspelled it (e.g., `\hobx'), type `I' and the correct
spelling (e.g., `I\hbox'). Otherwise just continue,
and I'll forget about whatever was undefined.

)
! Emergency stop.
<*> portada.tex
               
*** (job aborted, no legal \end found)

 
Here is how much of TeX's memory you used:
 12 strings out of 493304
 182 string characters out of 6139872
 52880 words of memory out of 5000000
 3570 multiletter control sequences out of 15000+600000
 3948 words of font info for 15 fonts, out of 8000000 for 9000
 957 hyphenation exceptions out of 8191
 13i,1n,10p,100b,112s stack positions out of 5000i,500n,10000p,200000b,80000s
!  ==> Fatal error occurred, no output PDF file produced!
