\BOOKMARK [1][-]{section.1}{Introducci\363n}{}% 1
\BOOKMARK [1][-]{section.2}{Decisiones de dise\361o}{}% 2
\BOOKMARK [2][-]{subsection.2.1}{Estructura del c\363digo}{section.2}% 3
\BOOKMARK [2][-]{subsection.2.2}{Decisiones para accesibilidad}{section.2}% 4
<<<<<<< HEAD
\BOOKMARK [2][-]{subsection.2.3}{Decisiones para responsive}{section.2}% 5
\BOOKMARK [1][-]{section.3}{Resultados de la validaci\363n}{}% 6
\BOOKMARK [2][-]{subsection.3.1}{Resultados obtenidos}{section.3}% 7
\BOOKMARK [3][-]{subsubsection.3.1.1}{Accesibilidad}{subsection.3.1}% 8
\BOOKMARK [3][-]{subsubsection.3.1.2}{Multinavegador y multiplataforma}{subsection.3.1}% 9
\BOOKMARK [3][-]{subsubsection.3.1.3}{iPhone e iPad}{subsection.3.1}% 10
\BOOKMARK [3][-]{subsubsection.3.1.4}{Navegaci\363n textual}{subsection.3.1}% 11
\BOOKMARK [3][-]{subsubsection.3.1.5}{Peso y velocidad de carga}{subsection.3.1}% 12
\BOOKMARK [3][-]{subsubsection.3.1.6}{Buscadores}{subsection.3.1}% 13
\BOOKMARK [2][-]{subsection.3.2}{An\341lisis personal}{section.3}% 14
\BOOKMARK [2][-]{subsection.3.3}{Tabla comparativa}{section.3}% 15
\BOOKMARK [3][-]{subsubsection.3.3.1}{Google Chrome}{subsection.3.3}% 16
\BOOKMARK [3][-]{subsubsection.3.3.2}{Mozilla firefox}{subsection.3.3}% 17
\BOOKMARK [3][-]{subsubsection.3.3.3}{Internet explorer}{subsection.3.3}% 18
\BOOKMARK [3][-]{subsubsection.3.3.4}{Safari}{subsection.3.3}% 19
\BOOKMARK [3][-]{subsubsection.3.3.5}{Konkeror}{subsection.3.3}% 20
\BOOKMARK [2][-]{subsection.3.4}{Descripci\363n de las principales dificultades}{section.3}% 21
\BOOKMARK [2][-]{subsection.3.5}{Conclusiones}{section.3}% 22
=======
\BOOKMARK [2][-]{subsection.2.3}{Desiones para responsive}{section.2}% 5
\BOOKMARK [1][-]{section.3}{Resultados de la validaci\363n}{}% 6
\BOOKMARK [2][-]{subsection.3.1}{Resultados obtenidos}{section.3}% 7
\BOOKMARK [2][-]{subsection.3.2}{Tabla comparativa}{section.3}% 8
\BOOKMARK [3][-]{subsubsection.3.2.1}{Google Chrome}{subsection.3.2}% 9
\BOOKMARK [3][-]{subsubsection.3.2.2}{Mozilla firefox}{subsection.3.2}% 10
\BOOKMARK [3][-]{subsubsection.3.2.3}{Internet explorer}{subsection.3.2}% 11
\BOOKMARK [3][-]{subsubsection.3.2.4}{Opera}{subsection.3.2}% 12
\BOOKMARK [3][-]{subsubsection.3.2.5}{Safari}{subsection.3.2}% 13
\BOOKMARK [3][-]{subsubsection.3.2.6}{Konqueror}{subsection.3.2}% 14
\BOOKMARK [2][-]{subsection.3.3}{Descripci\363n de las principales dificultades}{section.3}% 15
\BOOKMARK [2][-]{subsection.3.4}{An\341lisis personal y conclusiones}{section.3}% 16
>>>>>>> origin/master
